<?xml version="1.0" encoding="utf-16" standalone="yes"?><Sager><Sag Cpr="XXXXXX-XXXX"><Regnskab><CPR_x0020_nr>XXXXXXXXXX</CPR_x0020_nr><Bogføringsdato>2005-06-16T00:00:00.0000000+02:00</Bogføringsdato><Bilagsnr>20529448</Bilagsnr><Bilagstype>Faktura</Bilagstype><Beløb>1524</Beløb><Beskrivelse>Fleksydelsesbidrag</Beskrivelse></Regnskab></Sag></Sager>
